<?xml version="1.0" encoding="GBK" standalone="no"?>
<!DOCTYPE log SYSTEM "logger.dtd">
<log>
<record>
  <date>2019-03-11T13:33:58</date>
  <millis>1552325638764</millis>
  <sequence>0</sequence>
  <logger>edu.neu.csye6200.tractor.TractorTaxation</logger>
  <level>INFO</level>
  <class>edu.neu.csye6200.tractor.TractorTaxation</class>
  <method>&lt;init&gt;</method>
  <thread>1</thread>
  <message>Constructing a TractorTaxation instance</message>
</record>
<record>
  <date>2019-03-11T13:33:58</date>
  <millis>1552325638775</millis>
  <sequence>1</sequence>
  <logger>edu.neu.csye6200.tractor.TractorIO</logger>
  <level>INFO</level>
  <class>edu.neu.csye6200.tractor.TractorIO</class>
  <method>&lt;init&gt;</method>
  <thread>1</thread>
  <message>Constructing a TractorIO instance</message>
</record>
<record>
  <date>2019-03-11T13:33:58</date>
  <millis>1552325638776</millis>
  <sequence>2</sequence>
  <logger>edu.neu.csye6200.tractor.TractorIO</logger>
  <level>INFO</level>
  <class>edu.neu.csye6200.tractor.TractorIO</class>
  <method>save</method>
  <thread>1</thread>
  <message>Save 4 Tractor instance(s).</message>
</record>
<record>
  <date>2019-03-11T13:33:58</date>
  <millis>1552325638777</millis>
  <sequence>3</sequence>
  <logger>edu.neu.csye6200.tractor.TractorIO</logger>
  <level>INFO</level>
  <class>edu.neu.csye6200.tractor.TractorIO</class>
  <method>save1</method>
  <thread>1</thread>
  <message>Save a Tractor instance.</message>
</record>
<record>
  <date>2019-03-11T13:33:58</date>
  <millis>1552325638777</millis>
  <sequence>4</sequence>
  <logger>edu.neu.csye6200.tractor.TractorIO</logger>
  <level>INFO</level>
  <class>edu.neu.csye6200.tractor.TractorIO</class>
  <method>save1</method>
  <thread>1</thread>
  <message>Save a Tractor instance.</message>
</record>
<record>
  <date>2019-03-11T13:33:58</date>
  <millis>1552325638777</millis>
  <sequence>5</sequence>
  <logger>edu.neu.csye6200.tractor.TractorIO</logger>
  <level>INFO</level>
  <class>edu.neu.csye6200.tractor.TractorIO</class>
  <method>save1</method>
  <thread>1</thread>
  <message>Save a Tractor instance.</message>
</record>
<record>
  <date>2019-03-11T13:33:58</date>
  <millis>1552325638778</millis>
  <sequence>6</sequence>
  <logger>edu.neu.csye6200.tractor.TractorIO</logger>
  <level>INFO</level>
  <class>edu.neu.csye6200.tractor.TractorIO</class>
  <method>save1</method>
  <thread>1</thread>
  <message>Save a Tractor instance.</message>
</record>
</log>
